<?xml version="1.0" encoding="UTF-8"?>
<robot generator="Robot 3.1 (Python 3.6.4 on win32)" generated="20181220 16:26:35.059" rpa="false">
<suite id="s1" name="Plains Demo" source="C:\development\robot-scripts\PlainsDemo\tests\Plains_Demo.robot">
<test id="s1-t1" name="Launch Salesforce">
<kw name="Begin Web Test" library="Common" type="setup">
<kw name="Open Browser" library="SeleniumLibrary">
<doc>Opens a new browser instance to the given ``url``.</doc>
<arguments>
<arg>about:blank</arg>
<arg>${BROWSER}</arg>
</arguments>
<msg timestamp="20181220 16:26:36.982" level="INFO">Opening browser 'chrome' to base url 'about:blank'.</msg>
<status status="PASS" starttime="20181220 16:26:36.981" endtime="20181220 16:26:40.998"></status>
</kw>
<kw name="Maximize Browser Window" library="SeleniumLibrary">
<doc>Maximizes current browser window.</doc>
<status status="PASS" starttime="20181220 16:26:41.000" endtime="20181220 16:26:42.373"></status>
</kw>
<status status="PASS" starttime="20181220 16:26:36.980" endtime="20181220 16:26:42.374"></status>
</kw>
<kw name="Launch Salesforce" library="PlainsDemo">
<kw name="Navigate to Salesforce" library="Salesforce">
<kw name="Go To" library="SeleniumLibrary">
<doc>Navigates the active browser instance to the provided ``url``.</doc>
<arguments>
<arg>${URL_SFDC}</arg>
</arguments>
<msg timestamp="20181220 16:26:42.379" level="INFO">Opening url 'https://spde13-dev-ed.lightning.force.com/lightning/page/home'</msg>
<status status="PASS" starttime="20181220 16:26:42.378" endtime="20181220 16:27:01.809"></status>
</kw>
<kw name="Wait Until Page Contains Element" library="SeleniumLibrary">
<doc>Waits until element ``locator`` appears on current page.</doc>
<arguments>
<arg>${USER_NAME}</arg>
</arguments>
<status status="PASS" starttime="20181220 16:27:01.810" endtime="20181220 16:27:02.016"></status>
</kw>
<status status="PASS" starttime="20181220 16:26:42.377" endtime="20181220 16:27:02.016"></status>
</kw>
<kw name="Enter Credentials and submit" library="Salesforce">
<kw name="Clear Element Text" library="SeleniumLibrary">
<doc>Clears the value of text entry element identified by ``locator``.</doc>
<arguments>
<arg>${USER_NAME}</arg>
</arguments>
<status status="PASS" starttime="20181220 16:27:02.018" endtime="20181220 16:27:02.313"></status>
</kw>
<kw name="Clear Element Text" library="SeleniumLibrary">
<doc>Clears the value of text entry element identified by ``locator``.</doc>
<arguments>
<arg>${PASSWORD}</arg>
</arguments>
<status status="PASS" starttime="20181220 16:27:02.314" endtime="20181220 16:27:02.479"></status>
</kw>
<kw name="Input Text" library="SeleniumLibrary">
<doc>Types the given ``text`` into text field identified by ``locator``.</doc>
<arguments>
<arg>${USER_NAME}</arg>
<arg>sbaruah@sapient.com</arg>
</arguments>
<msg timestamp="20181220 16:27:02.480" level="INFO">Typing text 'sbaruah@sapient.com' into text field 'css=#username'.</msg>
<status status="PASS" starttime="20181220 16:27:02.479" endtime="20181220 16:27:03.058"></status>
</kw>
<kw name="Input Text" library="SeleniumLibrary">
<doc>Types the given ``text`` into text field identified by ``locator``.</doc>
<arguments>
<arg>${PASSWORD}</arg>
<arg>Welcome123</arg>
</arguments>
<msg timestamp="20181220 16:27:03.061" level="INFO">Typing text 'Welcome123' into text field 'css=#password'.</msg>
<status status="PASS" starttime="20181220 16:27:03.059" endtime="20181220 16:27:03.837"></status>
</kw>
<kw name="Click Element" library="SeleniumLibrary">
<doc>Click element identified by ``locator``.</doc>
<arguments>
<arg>${REMEMBER_ME}</arg>
</arguments>
<msg timestamp="20181220 16:27:03.839" level="INFO">Clicking element 'css=#rememberUn'.</msg>
<status status="PASS" starttime="20181220 16:27:03.839" endtime="20181220 16:27:04.047"></status>
</kw>
<kw name="Click Element" library="SeleniumLibrary">
<doc>Click element identified by ``locator``.</doc>
<arguments>
<arg>${LOGIN_BUTTON}</arg>
</arguments>
<msg timestamp="20181220 16:27:04.049" level="INFO">Clicking element 'css=#Login'.</msg>
<status status="PASS" starttime="20181220 16:27:04.048" endtime="20181220 16:27:06.566"></status>
</kw>
<kw name="Pause Execution" library="Dialogs">
<doc>Pauses test execution until user clicks ``Ok`` button.</doc>
<arguments>
<arg>Execution paused until verification email arrives. Press OK to continue</arg>
</arguments>
<status status="PASS" starttime="20181220 16:27:06.566" endtime="20181220 16:28:02.827"></status>
</kw>
<status status="PASS" starttime="20181220 16:27:02.017" endtime="20181220 16:28:02.828"></status>
</kw>
<kw name="Verify Identity" library="Salesforce">
<kw name="Read Outlook email and verify identity" library="ReadEmail">
<kw name="Getoutlookmails" library="ReadOutlookEmail">
<arguments>
<arg>code</arg>
</arguments>
<assign>
<var>${verfication_code}</var>
</assign>
<msg timestamp="20181220 16:28:03.167" level="INFO">From :  noreply@salesforce.com
Subject :  Verify your identity in Salesforce
Date:  2018-12-20 16:27:04+00:00
No. of attachments :  0
['94200']</msg>
<msg timestamp="20181220 16:28:03.167" level="INFO">${verfication_code} = ['94200']</msg>
<status status="PASS" starttime="20181220 16:28:02.831" endtime="20181220 16:28:03.167"></status>
</kw>
<kw name="Input Text" library="SeleniumLibrary">
<doc>Types the given ``text`` into text field identified by ``locator``.</doc>
<arguments>
<arg>${VERIFICATION}</arg>
<arg>${verfication_code}</arg>
</arguments>
<msg timestamp="20181220 16:28:03.168" level="INFO">Typing text '['94200']' into text field 'css=#emc'.</msg>
<status status="PASS" starttime="20181220 16:28:03.168" endtime="20181220 16:28:03.354"></status>
</kw>
<kw name="Click Element" library="SeleniumLibrary">
<doc>Click element identified by ``locator``.</doc>
<arguments>
<arg>${VERIFY_BUTTON}</arg>
</arguments>
<msg timestamp="20181220 16:28:03.355" level="INFO">Clicking element 'css=#save'.</msg>
<status status="PASS" starttime="20181220 16:28:03.354" endtime="20181220 16:28:08.571"></status>
</kw>
<kw name="Sleep" library="BuiltIn">
<doc>Pauses the test executed for the given time.</doc>
<arguments>
<arg>20s</arg>
</arguments>
<msg timestamp="20181220 16:28:28.573" level="INFO">Slept 20 seconds</msg>
<status status="PASS" starttime="20181220 16:28:08.572" endtime="20181220 16:28:28.573"></status>
</kw>
<kw name="Execute Manual Step" library="Dialogs">
<doc>Pauses test execution until user sets the keyword status.</doc>
<arguments>
<arg>Handle notification. Press OK to continue</arg>
</arguments>
<status status="PASS" starttime="20181220 16:28:28.574" endtime="20181220 16:28:33.400"></status>
</kw>
<status status="PASS" starttime="20181220 16:28:02.830" endtime="20181220 16:28:33.401"></status>
</kw>
<status status="PASS" starttime="20181220 16:28:02.829" endtime="20181220 16:28:33.402"></status>
</kw>
<status status="PASS" starttime="20181220 16:26:42.375" endtime="20181220 16:28:33.402"></status>
</kw>
<kw name="Select Items to be Approved" library="PlainsDemo">
<kw name="Select Items" library="Salesforce">
<kw name="Set Focus To Element" library="SeleniumLibrary">
<doc>Sets focus to element identified by ``locator``.</doc>
<arguments>
<arg>${Items_to_Approve}</arg>
</arguments>
<status status="PASS" starttime="20181220 16:28:33.454" endtime="20181220 16:28:33.615"></status>
</kw>
<kw name="Wait Until Page Contains Element" library="SeleniumLibrary">
<doc>Waits until element ``locator`` appears on current page.</doc>
<arguments>
<arg>${Items_to_Approve}</arg>
<arg>timeout=20s</arg>
</arguments>
<status status="PASS" starttime="20181220 16:28:33.616" endtime="20181220 16:28:33.650"></status>
</kw>
<kw name="Set Focus To Element" library="SeleniumLibrary">
<doc>Sets focus to element identified by ``locator``.</doc>
<arguments>
<arg>${Application_Link_1}</arg>
</arguments>
<status status="PASS" starttime="20181220 16:28:33.651" endtime="20181220 16:28:33.778"></status>
</kw>
<kw name="Click Element" library="SeleniumLibrary">
<doc>Click element identified by ``locator``.</doc>
<arguments>
<arg>${Application_Link_1}</arg>
</arguments>
<msg timestamp="20181220 16:28:33.780" level="INFO">Clicking element 'xpath=//*[@id="brandBand_1"]/div/div[1]/div/div/div/div/div[1]/div[1]/div[1]/div/article/div[2]/ul/li[1]/div[1]/h3/a'.</msg>
<status status="PASS" starttime="20181220 16:28:33.779" endtime="20181220 16:28:36.745"></status>
</kw>
<kw name="Wait Until Page Contains Element" library="SeleniumLibrary">
<doc>Waits until element ``locator`` appears on current page.</doc>
<arguments>
<arg>${Approval_Items}</arg>
<arg>timeout=30s</arg>
</arguments>
<kw name="Capture Page Screenshot" library="SeleniumLibrary">
<doc>Takes screenshot of the current page and embeds it into log file.</doc>
<msg timestamp="20181220 16:29:03.261" level="FAIL">WebDriverException: Message: chrome not reachable
  (Session info: chrome=71.0.3578.98)
  (Driver info: chromedriver=2.45.615291 (ec3682e3c9061c10f26ea9e5cdcf3c53f3f74387),platform=Windows NT 6.1.7601 SP1 x86_64)
</msg>
<status status="FAIL" starttime="20181220 16:28:57.022" endtime="20181220 16:29:03.262"></status>
</kw>
<msg timestamp="20181220 16:29:03.262" level="WARN">Keyword 'Capture Page Screenshot' could not be run on failure: WebDriverException: Message: chrome not reachable
  (Session info: chrome=71.0.3578.98)
  (Driver info: chromedriver=2.45.615291 (ec3682e3c9061c10f26ea9e5cdcf3c53f3f74387),platform=Windows NT 6.1.7601 SP1 x86_64)
</msg>
<msg timestamp="20181220 16:29:03.281" level="FAIL">WebDriverException: Message: chrome not reachable
  (Session info: chrome=71.0.3578.98)
  (Driver info: chromedriver=2.45.615291 (ec3682e3c9061c10f26ea9e5cdcf3c53f3f74387),platform=Windows NT 6.1.7601 SP1 x86_64)
</msg>
<status status="FAIL" starttime="20181220 16:28:36.745" endtime="20181220 16:29:03.282"></status>
</kw>
<status status="FAIL" starttime="20181220 16:28:33.452" endtime="20181220 16:29:03.283"></status>
</kw>
<status status="FAIL" starttime="20181220 16:28:33.449" endtime="20181220 16:29:03.283"></status>
</kw>
<kw name="End Web Test" library="Common" type="teardown">
<kw name="Close All Browsers" library="SeleniumLibrary">
<doc>Closes all open browsers and resets the browser cache.</doc>
<status status="PASS" starttime="20181220 16:29:03.286" endtime="20181220 16:29:05.581"></status>
</kw>
<status status="PASS" starttime="20181220 16:29:03.285" endtime="20181220 16:29:05.581"></status>
</kw>
<doc>Test4 - Approval/Rejection of application in Salesforce</doc>
<status status="FAIL" starttime="20181220 16:26:36.976" endtime="20181220 16:29:05.582" critical="yes">WebDriverException: Message: chrome not reachable
  (Session info: chrome=71.0.3578.98)
  (Driver info: chromedriver=2.45.615291 (ec3682e3c9061c10f26ea9e5cdcf3c53f3f74387),platform=Windows NT 6.1.7601 SP1 x86_64)
</status>
</test>
<doc>This test suite handles submitting of application by a prospective shipper and its approval process</doc>
<status status="FAIL" starttime="20181220 16:26:35.064" endtime="20181220 16:29:05.589"></status>
</suite>
<statistics>
<total>
<stat pass="0" fail="1">Critical Tests</stat>
<stat pass="0" fail="1">All Tests</stat>
</total>
<tag>
</tag>
<suite>
<stat pass="0" fail="1" id="s1" name="Plains Demo">Plains Demo</stat>
</suite>
</statistics>
<errors>
<msg timestamp="20181220 16:26:36.947" level="ERROR">Error in file 'C:\development\robot-scripts\PlainsDemo\Resources\PO\ReadEmail.robot': Resource file '..\Tests\Plains_Demo.robot' does not exist.</msg>
<msg timestamp="20181220 16:26:36.955" level="ERROR">Error in file 'C:\development\robot-scripts\PlainsDemo\Resources\PlainsDemo.robot': Resource file 'C:\development\robot-scripts\PlainsDemo\Resources\PO\SendEmail.robot' cannot contain tests or tasks.</msg>
<msg timestamp="20181220 16:29:03.262" level="WARN">Keyword 'Capture Page Screenshot' could not be run on failure: WebDriverException: Message: chrome not reachable
  (Session info: chrome=71.0.3578.98)
  (Driver info: chromedriver=2.45.615291 (ec3682e3c9061c10f26ea9e5cdcf3c53f3f74387),platform=Windows NT 6.1.7601 SP1 x86_64)
</msg>
</errors>
</robot>
